#
# A fatal error has been detected by the Java Runtime Environment:
#
#  SIGSEGV (0xb) at pc=0x00007fff61d59f81, pid=58274, tid=52495
#
# JRE version: Java(TM) SE Runtime Environment (7.0_51-b13) (build 1.7.0_51-b13)
# Java VM: Java HotSpot(TM) 64-Bit Server VM (24.51-b03 mixed mode bsd-amd64 compressed oops)
# Problematic frame:
# C  0x00007fff61d59f81
#
# Failed to write core dump. Core dumps have been disabled. To enable core dumping, try "ulimit -c unlimited" before starting Java again
#
# If you would like to submit a bug report, please visit:
#   http://bugreport.sun.com/bugreport/crash.jsp
#

---------------  T H R E A D  ---------------

Current thread (0x00007fd80c8c2800):  JavaThread "AWT-EventQueue-0" [_thread_in_vm, id=52495, stack(0x000000011e9c9000,0x000000011eac9000)]

siginfo:si_signo=SIGSEGV: si_errno=0, si_code=1 (SEGV_MAPERR), si_addr=0x000000011e5d7008

Registers:
RAX=0x000000011e5d702e, RBX=0x00007fff61d60e37, RCX=0x000000011e5d702f, RDX=0xffffffffffffffff
RSP=0x000000011eac30d0, RBP=0x000000011eac3140, RSI=0x0000000000000000, RDI=0x000000011eac3100
R8 =0x00000000fffffff8, R9 =0x0000000000000000, R10=0x0000000000000001, R11=0x0000000000000206
R12=0x00007fff61d65019, R13=0x000000011e5d7000, R14=0x0000000000000030, R15=0x000000011eac3103
RIP=0x00007fff61d59f81, EFLAGS=0x0000000000010293, ERR=0x0000000000000006
  TRAPNO=0x000000000000000e

Top of Stack: (sp=0x000000011eac30d0)
0x000000011eac30d0:   000000011eac3510 000000010dc9566c
0x000000011eac30e0:   fffffffe1eac3560 0000000000000000
0x000000011eac30f0:   0000000100000001 00007fd80c0d3fa0
0x000000011eac3100:   303864663744dac0 0030663031303662
0x000000011eac3110:   00007fd80b44d5d0 00007fff61d60e70
0x000000011eac3120:   000000011e5d7000 0000000000000000
0x000000011eac3130:   00007fff61d60ec7 0000000000000000
0x000000011eac3140:   000000011eac31a0 00007fff61d593f9
0x000000011eac3150:   00007fff00000001 000000010d9f4b40
0x000000011eac3160:   000000011eac3270 00007fff61d60ec6
0x000000011eac3170:   0000000000000000 000000011eac32c0
0x000000011eac3180:   00007fff61d6e038 000000010d9f4b40
0x000000011eac3190:   00007fff61d60ec0 000000011e5d7000
0x000000011eac31a0:   000000011eac31b0 00007fff61d59984
0x000000011eac31b0:   000000011eac32b0 00007fff61d3b63f
0x000000011eac31c0:   000000011eac31e0 00007fd80b6010f0
0x000000011eac31d0:   00007fd80b44d810 e0005f922cc8c5a1
0x000000011eac31e0:   000000011eac3280 000000011eac3300
0x000000011eac31f0:   00007fd80c8c2800 01007fd80b44d5e0
0x000000011eac3200:   000000011eac3490 00007fd80b44daa8
0x000000011eac3210:   00007fd80c8c2800 00007fd80c8c2800
0x000000011eac3220:   000000011eac33b0 00007fd80c0d3ff1
0x000000011eac3230:   000000011eac3390 000000010d59ca91
0x000000011eac3240:   00007fd80c8c2800 000000011eac3460
0x000000011eac3250:   000000011eac3270 000000010d580d38
0x000000011eac3260:   0000000000000001 000000077b6293d0
0x000000011eac3270:   0000003000000010 000000011eac32c0
0x000000011eac3280:   000000011eac31c0 e0005f922cc8c5a1
0x000000011eac3290:   000000011eac32c0 00007fff61d6e038
0x000000011eac32a0:   00007fd80b44d810 00007fd80b6010f0
0x000000011eac32b0:   000000011eac3330 00007fff61d45c9c
0x000000011eac32c0:   75735f6176614a5f 435f746e6f665f6e 

Instructions: (pc=0x00007fff61d59f81)
0x00007fff61d59f61:   89 c3 48 85 db 75 af 49 8b 45 08 49 3b 45 10 72
0x00007fff61d59f71:   0b 4c 89 ef 41 ff 55 20 49 8b 45 08 48 8d 48 01
0x00007fff61d59f81:   49 89 4d 08 44 88 30 45 8a 34 24 48 8d 05 87 b0
0x00007fff61d59f91:   00 00 49 39 c4 75 b7 eb 0b 48 8d 48 01 49 89 4d 

Register to memory mapping:

RAX=0x000000011e5d702e is an unknown value
RBX=0x00007fff61d60e37 is an unknown value
RCX=0x000000011e5d702f is an unknown value
RDX=0xffffffffffffffff is an unknown value
RSP=0x000000011eac30d0 is pointing into the stack for thread: 0x00007fd80c8c2800
RBP=0x000000011eac3140 is pointing into the stack for thread: 0x00007fd80c8c2800
RSI=0x0000000000000000 is an unknown value
RDI=0x000000011eac3100 is pointing into the stack for thread: 0x00007fd80c8c2800
R8 =0x00000000fffffff8 is an unknown value
R9 =0x0000000000000000 is an unknown value
R10=0x0000000000000001 is an unknown value
R11=0x0000000000000206 is an unknown value
R12=0x00007fff61d65019 is an unknown value
R13=0x000000011e5d7000 is an unknown value
R14=0x0000000000000030 is an unknown value
R15=0x000000011eac3103 is pointing into the stack for thread: 0x00007fd80c8c2800


Stack: [0x000000011e9c9000,0x000000011eac9000],  sp=0x000000011eac30d0,  free space=1000k
Native frames: (J=compiled Java code, j=interpreted, Vv=VM code, C=native code)
C  0x00007fff61d59f81
C  0x00007fff61d593f9
C  0x00007fff61d59984
C  0x00007fff61d3b63f
C  0x00007fff61d45c9c
C  [libdyld.dylib+0x288c]  dlsym+0x48
V  [libjvm.dylib+0x3fa214]  NativeLookup::lookup_style(methodHandle, char*, char const*, int, bool, bool&, Thread*)+0x16c
V  [libjvm.dylib+0x3fa714]  NativeLookup::lookup_entry(methodHandle, bool&, Thread*)+0x60
V  [libjvm.dylib+0x3fa9d1]  NativeLookup::lookup_base(methodHandle, bool&, Thread*)+0x4f
V  [libjvm.dylib+0x3faa66]  NativeLookup::lookup(methodHandle, bool&, Thread*)+0x34
V  [libjvm.dylib+0x2d0de6]  InterpreterRuntime::prepare_native_call(JavaThread*, methodOopDesc*)+0x60
j  sun.font.CFontManager.loadNativeDirFonts(Ljava/lang/String;)V+0
j  sun.font.CFontManager.registerFontsInDir(Ljava/lang/String;ZIZZ)V+2
j  sun.font.SunFontManager$2.run()Ljava/lang/Object;+194
v  ~StubRoutines::call_stub
V  [libjvm.dylib+0x2d6bb0]  JavaCalls::call_helper(JavaValue*, methodHandle*, JavaCallArguments*, Thread*)+0x22a
V  [libjvm.dylib+0x2d6980]  JavaCalls::call(JavaValue*, methodHandle, JavaCallArguments*, Thread*)+0x28
V  [libjvm.dylib+0x32a264]  JVM_DoPrivileged+0x411
j  java.security.AccessController.doPrivileged(Ljava/security/PrivilegedAction;)Ljava/lang/Object;+0
j  sun.font.SunFontManager.<init>()V+222
j  sun.font.CFontManager.<init>()V+1
v  ~StubRoutines::call_stub
V  [libjvm.dylib+0x2d6bb0]  JavaCalls::call_helper(JavaValue*, methodHandle*, JavaCallArguments*, Thread*)+0x22a
V  [libjvm.dylib+0x2d6980]  JavaCalls::call(JavaValue*, methodHandle, JavaCallArguments*, Thread*)+0x28
V  [libjvm.dylib+0x460590]  Reflection::invoke(instanceKlassHandle, methodHandle, Handle, bool, objArrayHandle, BasicType, objArrayHandle, bool, Thread*)+0x9fc
V  [libjvm.dylib+0x460861]  Reflection::invoke_constructor(oopDesc*, objArrayHandle, Thread*)+0x1a1
V  [libjvm.dylib+0x323320]  JVM_NewInstanceFromConstructor+0x7c
j  sun.reflect.NativeConstructorAccessorImpl.newInstance0(Ljava/lang/reflect/Constructor;[Ljava/lang/Object;)Ljava/lang/Object;+0
j  sun.reflect.NativeConstructorAccessorImpl.newInstance([Ljava/lang/Object;)Ljava/lang/Object;+72
j  sun.reflect.DelegatingConstructorAccessorImpl.newInstance([Ljava/lang/Object;)Ljava/lang/Object;+5
j  java.lang.reflect.Constructor.newInstance([Ljava/lang/Object;)Ljava/lang/Object;+79
j  java.lang.Class.newInstance()Ljava/lang/Object;+132
j  sun.font.FontManagerFactory$1.run()Ljava/lang/Object;+21
v  ~StubRoutines::call_stub
V  [libjvm.dylib+0x2d6bb0]  JavaCalls::call_helper(JavaValue*, methodHandle*, JavaCallArguments*, Thread*)+0x22a
V  [libjvm.dylib+0x2d6980]  JavaCalls::call(JavaValue*, methodHandle, JavaCallArguments*, Thread*)+0x28
V  [libjvm.dylib+0x32a264]  JVM_DoPrivileged+0x411
j  java.security.AccessController.doPrivileged(Ljava/security/PrivilegedAction;)Ljava/lang/Object;+0
j  sun.font.FontManagerFactory.getInstance()Lsun/font/FontManager;+17
j  java.awt.Font.getFont2D()Lsun/font/Font2D;+0
j  java.awt.Font.getFamily(Ljava/util/Locale;)Ljava/lang/String;+15
j  java.awt.Font.getFamily_NoClientCode()Ljava/lang/String;+4
j  java.awt.Font.getFamily()Ljava/lang/String;+1
j  javax.swing.text.StyleContext.getFont(Ljava/lang/String;II)Ljava/awt/Font;+65
j  javax.swing.text.StyleContext.getFont(Ljavax/swing/text/AttributeSet;)Ljava/awt/Font;+57
j  javax.swing.text.DefaultStyledDocument.getFont(Ljavax/swing/text/AttributeSet;)Ljava/awt/Font;+10
j  javax.swing.text.LabelView.setPropertiesFromAttributes()V+29
j  javax.swing.text.LabelView.sync()V+8
j  javax.swing.text.LabelView.getFont()Ljava/awt/Font;+1
j  javax.swing.text.GlyphPainter1.sync(Ljavax/swing/text/GlyphView;)V+1
j  javax.swing.text.GlyphPainter1.getSpan(Ljavax/swing/text/GlyphView;IILjavax/swing/text/TabExpander;F)F+2
j  javax.swing.text.GlyphView.getPreferredSpan(I)F+77
j  javax.swing.text.FlowView$LogicalView.getPreferredSpan(I)F+32
j  javax.swing.text.FlowView.calculateMinorAxisRequirements(ILjavax/swing/SizeRequirements;)Ljavax/swing/SizeRequirements;+17
j  javax.swing.text.ParagraphView.calculateMinorAxisRequirements(ILjavax/swing/SizeRequirements;)Ljavax/swing/SizeRequirements;+3
j  javax.swing.text.BoxView.checkRequests(I)V+86
j  javax.swing.text.BoxView.getMinimumSpan(I)F+2
j  javax.swing.text.BoxView.calculateMinorAxisRequirements(ILjavax/swing/SizeRequirements;)Ljavax/swing/SizeRequirements;+36
j  javax.swing.text.BoxView.checkRequests(I)V+86
j  javax.swing.text.BoxView.setSpanOnAxis(IF)V+101
j  javax.swing.text.BoxView.layout(II)V+4
j  javax.swing.text.BoxView.setSize(FF)V+37
j  javax.swing.plaf.basic.BasicTextUI$RootView.setSize(FF)V+13
j  javax.swing.plaf.basic.BasicTextUI$RootView.paint(Ljava/awt/Graphics;Ljava/awt/Shape;)V+39
j  javax.swing.plaf.basic.BasicTextUI.paintSafely(Ljava/awt/Graphics;)V+65
j  javax.swing.plaf.basic.BasicTextUI.paint(Ljava/awt/Graphics;Ljavax/swing/JComponent;)V+45
j  javax.swing.plaf.basic.BasicTextUI.update(Ljava/awt/Graphics;Ljavax/swing/JComponent;)V+3
j  javax.swing.JComponent.paintComponent(Ljava/awt/Graphics;)V+26
j  javax.swing.JComponent.paint(Ljava/awt/Graphics;)V+286
j  javax.swing.JComponent.paintChildren(Ljava/awt/Graphics;)V+501
j  javax.swing.JComponent.paint(Ljava/awt/Graphics;)V+318
j  javax.swing.JComponent.paintChildren(Ljava/awt/Graphics;)V+501
j  javax.swing.JComponent.paint(Ljava/awt/Graphics;)V+318
j  javax.swing.JLayeredPane.paint(Ljava/awt/Graphics;)V+73
j  javax.swing.JComponent.paintChildren(Ljava/awt/Graphics;)V+501
j  javax.swing.JComponent.paintToOffscreen(Ljava/awt/Graphics;IIIIII)V+72
j  javax.swing.RepaintManager$PaintManager.paintDoubleBuffered(Ljavax/swing/JComponent;Ljava/awt/Image;Ljava/awt/Graphics;IIII)V+163
j  javax.swing.RepaintManager$PaintManager.paint(Ljavax/swing/JComponent;Ljavax/swing/JComponent;Ljava/awt/Graphics;IIII)Z+116
j  javax.swing.RepaintManager.paint(Ljavax/swing/JComponent;Ljavax/swing/JComponent;Ljava/awt/Graphics;IIII)V+52
j  javax.swing.JComponent.paint(Ljava/awt/Graphics;)V+221
j  java.awt.GraphicsCallback$PaintCallback.run(Ljava/awt/Component;Ljava/awt/Graphics;)V+2
j  sun.awt.SunGraphicsCallback.runOneComponent(Ljava/awt/Component;Ljava/awt/Rectangle;Ljava/awt/Graphics;Ljava/awt/Shape;I)V+155
j  sun.awt.SunGraphicsCallback.runComponents([Ljava/awt/Component;Ljava/awt/Graphics;I)V+194
j  java.awt.Container.paint(Ljava/awt/Graphics;)V+58
j  java.awt.Window.paint(Ljava/awt/Graphics;)V+68
j  javax.swing.RepaintManager$3.run()Ljava/lang/Void;+136
j  javax.swing.RepaintManager$3.run()Ljava/lang/Object;+1
v  ~StubRoutines::call_stub
V  [libjvm.dylib+0x2d6bb0]  JavaCalls::call_helper(JavaValue*, methodHandle*, JavaCallArguments*, Thread*)+0x22a
V  [libjvm.dylib+0x2d6980]  JavaCalls::call(JavaValue*, methodHandle, JavaCallArguments*, Thread*)+0x28
V  [libjvm.dylib+0x32a264]  JVM_DoPrivileged+0x411
j  java.security.AccessController.doPrivileged(Ljava/security/PrivilegedAction;Ljava/security/AccessControlContext;)Ljava/lang/Object;+0
j  java.security.ProtectionDomain$1.doIntersectionPrivilege(Ljava/security/PrivilegedAction;Ljava/security/AccessControlContext;Ljava/security/AccessControlContext;)Ljava/lang/Object;+28
j  javax.swing.RepaintManager.paintDirtyRegions(Ljava/util/Map;)V+154
j  javax.swing.RepaintManager.paintDirtyRegions()V+46
j  javax.swing.RepaintManager.prePaintDirtyRegions()V+73
j  javax.swing.RepaintManager.access$1100(Ljavax/swing/RepaintManager;)V+1
j  javax.swing.RepaintManager$ProcessingRunnable.run()V+37
j  java.awt.event.InvocationEvent.dispatch()V+47
j  java.awt.EventQueue.dispatchEventImpl(Ljava/awt/AWTEvent;Ljava/lang/Object;)V+21
...<more frames>...

Java frames: (J=compiled Java code, j=interpreted, Vv=VM code)
j  sun.font.CFontManager.loadNativeDirFonts(Ljava/lang/String;)V+0
j  sun.font.CFontManager.registerFontsInDir(Ljava/lang/String;ZIZZ)V+2
j  sun.font.SunFontManager$2.run()Ljava/lang/Object;+194
v  ~StubRoutines::call_stub
j  java.security.AccessController.doPrivileged(Ljava/security/PrivilegedAction;)Ljava/lang/Object;+0
j  sun.font.SunFontManager.<init>()V+222
j  sun.font.CFontManager.<init>()V+1
v  ~StubRoutines::call_stub
j  sun.reflect.NativeConstructorAccessorImpl.newInstance0(Ljava/lang/reflect/Constructor;[Ljava/lang/Object;)Ljava/lang/Object;+0
j  sun.reflect.NativeConstructorAccessorImpl.newInstance([Ljava/lang/Object;)Ljava/lang/Object;+72
j  sun.reflect.DelegatingConstructorAccessorImpl.newInstance([Ljava/lang/Object;)Ljava/lang/Object;+5
j  java.lang.reflect.Constructor.newInstance([Ljava/lang/Object;)Ljava/lang/Object;+79
j  java.lang.Class.newInstance()Ljava/lang/Object;+132
j  sun.font.FontManagerFactory$1.run()Ljava/lang/Object;+21
v  ~StubRoutines::call_stub
j  java.security.AccessController.doPrivileged(Ljava/security/PrivilegedAction;)Ljava/lang/Object;+0
j  sun.font.FontManagerFactory.getInstance()Lsun/font/FontManager;+17
j  java.awt.Font.getFont2D()Lsun/font/Font2D;+0
j  java.awt.Font.getFamily(Ljava/util/Locale;)Ljava/lang/String;+15
j  java.awt.Font.getFamily_NoClientCode()Ljava/lang/String;+4
j  java.awt.Font.getFamily()Ljava/lang/String;+1
j  javax.swing.text.StyleContext.getFont(Ljava/lang/String;II)Ljava/awt/Font;+65
j  javax.swing.text.StyleContext.getFont(Ljavax/swing/text/AttributeSet;)Ljava/awt/Font;+57
j  javax.swing.text.DefaultStyledDocument.getFont(Ljavax/swing/text/AttributeSet;)Ljava/awt/Font;+10
j  javax.swing.text.LabelView.setPropertiesFromAttributes()V+29
j  javax.swing.text.LabelView.sync()V+8
j  javax.swing.text.LabelView.getFont()Ljava/awt/Font;+1
j  javax.swing.text.GlyphPainter1.sync(Ljavax/swing/text/GlyphView;)V+1
j  javax.swing.text.GlyphPainter1.getSpan(Ljavax/swing/text/GlyphView;IILjavax/swing/text/TabExpander;F)F+2
j  javax.swing.text.GlyphView.getPreferredSpan(I)F+77
j  javax.swing.text.FlowView$LogicalView.getPreferredSpan(I)F+32
j  javax.swing.text.FlowView.calculateMinorAxisRequirements(ILjavax/swing/SizeRequirements;)Ljavax/swing/SizeRequirements;+17
j  javax.swing.text.ParagraphView.calculateMinorAxisRequirements(ILjavax/swing/SizeRequirements;)Ljavax/swing/SizeRequirements;+3
j  javax.swing.text.BoxView.checkRequests(I)V+86
j  javax.swing.text.BoxView.getMinimumSpan(I)F+2
j  javax.swing.text.BoxView.calculateMinorAxisRequirements(ILjavax/swing/SizeRequirements;)Ljavax/swing/SizeRequirements;+36
j  javax.swing.text.BoxView.checkRequests(I)V+86
j  javax.swing.text.BoxView.setSpanOnAxis(IF)V+101
j  javax.swing.text.BoxView.layout(II)V+4
j  javax.swing.text.BoxView.setSize(FF)V+37
j  javax.swing.plaf.basic.BasicTextUI$RootView.setSize(FF)V+13
j  javax.swing.plaf.basic.BasicTextUI$RootView.paint(Ljava/awt/Graphics;Ljava/awt/Shape;)V+39
j  javax.swing.plaf.basic.BasicTextUI.paintSafely(Ljava/awt/Graphics;)V+65
j  javax.swing.plaf.basic.BasicTextUI.paint(Ljava/awt/Graphics;Ljavax/swing/JComponent;)V+45
j  javax.swing.plaf.basic.BasicTextUI.update(Ljava/awt/Graphics;Ljavax/swing/JComponent;)V+3
j  javax.swing.JComponent.paintComponent(Ljava/awt/Graphics;)V+26
j  javax.swing.JComponent.paint(Ljava/awt/Graphics;)V+286
j  javax.swing.JComponent.paintChildren(Ljava/awt/Graphics;)V+501
j  javax.swing.JComponent.paint(Ljava/awt/Graphics;)V+318
j  javax.swing.JComponent.paintChildren(Ljava/awt/Graphics;)V+501
j  javax.swing.JComponent.paint(Ljava/awt/Graphics;)V+318
j  javax.swing.JLayeredPane.paint(Ljava/awt/Graphics;)V+73
j  javax.swing.JComponent.paintChildren(Ljava/awt/Graphics;)V+501
j  javax.swing.JComponent.paintToOffscreen(Ljava/awt/Graphics;IIIIII)V+72
j  javax.swing.RepaintManager$PaintManager.paintDoubleBuffered(Ljavax/swing/JComponent;Ljava/awt/Image;Ljava/awt/Graphics;IIII)V+163
j  javax.swing.RepaintManager$PaintManager.paint(Ljavax/swing/JComponent;Ljavax/swing/JComponent;Ljava/awt/Graphics;IIII)Z+116
j  javax.swing.RepaintManager.paint(Ljavax/swing/JComponent;Ljavax/swing/JComponent;Ljava/awt/Graphics;IIII)V+52
j  javax.swing.JComponent.paint(Ljava/awt/Graphics;)V+221
j  java.awt.GraphicsCallback$PaintCallback.run(Ljava/awt/Component;Ljava/awt/Graphics;)V+2
j  sun.awt.SunGraphicsCallback.runOneComponent(Ljava/awt/Component;Ljava/awt/Rectangle;Ljava/awt/Graphics;Ljava/awt/Shape;I)V+155
j  sun.awt.SunGraphicsCallback.runComponents([Ljava/awt/Component;Ljava/awt/Graphics;I)V+194
j  java.awt.Container.paint(Ljava/awt/Graphics;)V+58
j  java.awt.Window.paint(Ljava/awt/Graphics;)V+68
j  javax.swing.RepaintManager$3.run()Ljava/lang/Void;+136
j  javax.swing.RepaintManager$3.run()Ljava/lang/Object;+1
v  ~StubRoutines::call_stub
j  java.security.AccessController.doPrivileged(Ljava/security/PrivilegedAction;Ljava/security/AccessControlContext;)Ljava/lang/Object;+0
j  java.security.ProtectionDomain$1.doIntersectionPrivilege(Ljava/security/PrivilegedAction;Ljava/security/AccessControlContext;Ljava/security/AccessControlContext;)Ljava/lang/Object;+28
j  javax.swing.RepaintManager.paintDirtyRegions(Ljava/util/Map;)V+154
j  javax.swing.RepaintManager.paintDirtyRegions()V+46
j  javax.swing.RepaintManager.prePaintDirtyRegions()V+73
j  javax.swing.RepaintManager.access$1100(Ljavax/swing/RepaintManager;)V+1
j  javax.swing.RepaintManager$ProcessingRunnable.run()V+37
j  java.awt.event.InvocationEvent.dispatch()V+47
j  java.awt.EventQueue.dispatchEventImpl(Ljava/awt/AWTEvent;Ljava/lang/Object;)V+21
j  java.awt.EventQueue.access$200(Ljava/awt/EventQueue;Ljava/awt/AWTEvent;Ljava/lang/Object;)V+3
j  java.awt.EventQueue$3.run()Ljava/lang/Void;+12
j  java.awt.EventQueue$3.run()Ljava/lang/Object;+1
v  ~StubRoutines::call_stub
j  java.security.AccessController.doPrivileged(Ljava/security/PrivilegedAction;Ljava/security/AccessControlContext;)Ljava/lang/Object;+0
j  java.security.ProtectionDomain$1.doIntersectionPrivilege(Ljava/security/PrivilegedAction;Ljava/security/AccessControlContext;Ljava/security/AccessControlContext;)Ljava/lang/Object;+28
j  java.awt.EventQueue.dispatchEvent(Ljava/awt/AWTEvent;)V+46
j  java.awt.EventDispatchThread.pumpOneEventForFilters(I)V+245
j  java.awt.EventDispatchThread.pumpEventsForFilter(ILjava/awt/Conditional;Ljava/awt/EventFilter;)V+35
j  java.awt.EventDispatchThread.pumpEventsForHierarchy(ILjava/awt/Conditional;Ljava/awt/Component;)V+11
j  java.awt.EventDispatchThread.pumpEvents(ILjava/awt/Conditional;)V+4
j  java.awt.EventDispatchThread.pumpEvents(Ljava/awt/Conditional;)V+3
j  java.awt.EventDispatchThread.run()V+9
v  ~StubRoutines::call_stub

---------------  P R O C E S S  ---------------

Java Threads: ( => current thread )
  0x00007fd80c8c8000 JavaThread "DestroyJavaVM" [_thread_blocked, id=6403, stack(0x000000010c8ca000,0x000000010c9ca000)]
=>0x00007fd80c8c2800 JavaThread "AWT-EventQueue-0" [_thread_in_vm, id=52495, stack(0x000000011e9c9000,0x000000011eac9000)]
  0x00007fd80c054000 JavaThread "Java2D Disposer" daemon [_thread_blocked, id=48179, stack(0x000000011d110000,0x000000011d210000)]
  0x00007fd80c0a1000 JavaThread "Java2D Queue Flusher" daemon [_thread_blocked, id=46855, stack(0x000000011b1c5000,0x000000011b2c5000)]
  0x00007fd80d08c000 JavaThread "AWT-Shutdown" [_thread_blocked, id=27659, stack(0x0000000119512000,0x0000000119612000)]
  0x00007fd80b866800 JavaThread "AppKit Thread" daemon [_thread_in_native, id=1287, stack(0x00007fff533cb000,0x00007fff5344b000)]
  0x00007fd80d033000 JavaThread "Service Thread" daemon [_thread_blocked, id=19203, stack(0x0000000117938000,0x0000000117a38000)]
  0x00007fd80d032000 JavaThread "C2 CompilerThread1" daemon [_thread_blocked, id=18691, stack(0x0000000117835000,0x0000000117935000)]
  0x00007fd80d030800 JavaThread "C2 CompilerThread0" daemon [_thread_blocked, id=18179, stack(0x0000000117732000,0x0000000117832000)]
  0x00007fd80d029000 JavaThread "Signal Dispatcher" daemon [_thread_blocked, id=17667, stack(0x000000011762f000,0x000000011772f000)]
  0x00007fd80b84f000 JavaThread "Finalizer" daemon [_thread_blocked, id=12547, stack(0x00000001173ed000,0x00000001174ed000)]
  0x00007fd80b84c800 JavaThread "Reference Handler" daemon [_thread_blocked, id=12035, stack(0x00000001172ea000,0x00000001173ea000)]

Other Threads:
  0x00007fd80c003800 VMThread [stack: 0x00000001171e7000,0x00000001172e7000] [id=11523]
  0x00007fd80d02a000 WatcherThread [stack: 0x0000000117a3b000,0x0000000117b3b000] [id=19715]

VM state:not at safepoint (normal execution)

VM Mutex/Monitor currently owned by a thread: None

Heap
 PSYoungGen      total 38912K, used 8377K [0x00000007d5500000, 0x00000007d8000000, 0x0000000800000000)
  eden space 33792K, 24% used [0x00000007d5500000,0x00000007d5d2e688,0x00000007d7600000)
  from space 5120K, 0% used [0x00000007d7b00000,0x00000007d7b00000,0x00000007d8000000)
  to   space 5120K, 0% used [0x00000007d7600000,0x00000007d7600000,0x00000007d7b00000)
 ParOldGen       total 87040K, used 0K [0x0000000780000000, 0x0000000785500000, 0x00000007d5500000)
  object space 87040K, 0% used [0x0000000780000000,0x0000000780000000,0x0000000785500000)
 PSPermGen       total 21504K, used 8614K [0x000000077ae00000, 0x000000077c300000, 0x0000000780000000)
  object space 21504K, 40% used [0x000000077ae00000,0x000000077b669b10,0x000000077c300000)

Card table byte_map: [0x0000000110d43000,0x000000011116d000] byte_map_base: 0x000000010d16c000

Polling page: 0x000000010c9d9000

Code Cache  [0x000000010dc83000, 0x000000010def3000, 0x0000000110c83000)
 total_blobs=412 nmethods=7 adapters=360 free_code_cache=48641Kb largest_free_block=49807104

Compilation events (10 events):
Event: 0.083 Thread 0x00007fd80d030800    3             sun.nio.cs.UTF_8$Encoder::encode (361 bytes)
Event: 0.095 Thread 0x00007fd80d030800 nmethod 3 0x000000010dce87d0 code [0x000000010dce8960, 0x000000010dce90b8]
Event: 0.247 Thread 0x00007fd80d032000    4             java.lang.String::charAt (29 bytes)
Event: 0.248 Thread 0x00007fd80d032000 nmethod 4 0x000000010dcf9c90 code [0x000000010dcf9de0, 0x000000010dcf9e98]
Event: 0.290 Thread 0x00007fd80d030800    5             java.lang.Object::<init> (1 bytes)
Event: 0.290 Thread 0x00007fd80d032000    6             java.lang.String::equals (81 bytes)
Event: 0.290 Thread 0x00007fd80d030800 nmethod 5 0x000000010dcfd210 code [0x000000010dcfd340, 0x000000010dcfd3d8]
Event: 0.293 Thread 0x00007fd80d032000 nmethod 6 0x000000010dcfb850 code [0x000000010dcfb9a0, 0x000000010dcfbbf8]
Event: 0.347 Thread 0x00007fd80d030800    7             sun.java2d.loops.GraphicsPrimitive::getUniqueID (5 bytes)
Event: 0.347 Thread 0x00007fd80d030800 nmethod 7 0x000000010dd02090 code [0x000000010dd021c0, 0x000000010dd02218]

GC Heap History (0 events):
No events

Deoptimization events (0 events):
No events

Internal exceptions (10 events):
Event: 0.255 Thread 0x00007fd80d001000 Threw 0x00000007d57a65f0 at /HUDSON/workspace/7u-2-build-macosx-x86_64/jdk7u51/527/hotspot/src/share/vm/prims/jvm.cpp:1244
Event: 0.255 Thread 0x00007fd80d001000 Threw 0x00000007d57a6818 at /HUDSON/workspace/7u-2-build-macosx-x86_64/jdk7u51/527/hotspot/src/share/vm/prims/jvm.cpp:1244
Event: 0.255 Thread 0x00007fd80d001000 Threw 0x00000007d57a9ae8 at /HUDSON/workspace/7u-2-build-macosx-x86_64/jdk7u51/527/hotspot/src/share/vm/prims/jvm.cpp:1244
Event: 0.255 Thread 0x00007fd80d001000 Threw 0x00000007d57a9d10 at /HUDSON/workspace/7u-2-build-macosx-x86_64/jdk7u51/527/hotspot/src/share/vm/prims/jvm.cpp:1244
Event: 0.256 Thread 0x00007fd80d001000 Threw 0x00000007d57ad5c8 at /HUDSON/workspace/7u-2-build-macosx-x86_64/jdk7u51/527/hotspot/src/share/vm/prims/jvm.cpp:1244
Event: 0.257 Thread 0x00007fd80d001000 Threw 0x00000007d57ae610 at /HUDSON/workspace/7u-2-build-macosx-x86_64/jdk7u51/527/hotspot/src/share/vm/prims/jvm.cpp:1244
Event: 0.258 Thread 0x00007fd80d001000 Threw 0x00000007d57ba638 at /HUDSON/workspace/7u-2-build-macosx-x86_64/jdk7u51/527/hotspot/src/share/vm/prims/jvm.cpp:1244
Event: 0.258 Thread 0x00007fd80d001000 Threw 0x00000007d57bb788 at /HUDSON/workspace/7u-2-build-macosx-x86_64/jdk7u51/527/hotspot/src/share/vm/prims/jvm.cpp:1244
Event: 0.377 Thread 0x00007fd80d001000 Threw 0x00000007d582b648 at /HUDSON/workspace/7u-2-build-macosx-x86_64/jdk7u51/527/hotspot/src/share/vm/prims/jvm.cpp:1244
Event: 0.377 Thread 0x00007fd80d001000 Threw 0x00000007d58321b0 at /HUDSON/workspace/7u-2-build-macosx-x86_64/jdk7u51/527/hotspot/src/share/vm/prims/jvm.cpp:1244

Events (10 events):
Event: 0.385 loading class 0x00007fd80c084ac0
Event: 0.385 loading class 0x00007fd80c084ac0 done
Event: 0.386 loading class 0x00007fd80c894970
Event: 0.386 loading class 0x00007fd80c894970 done
Event: 0.386 loading class 0x00007fd80c879f40
Event: 0.386 loading class 0x00007fd80c879f40 done
Event: 0.386 loading class 0x00007fd80c8b2d70
Event: 0.386 loading class 0x00007fd80c8b2d70 done
Event: 0.387 loading class 0x00007fd80c083140
Event: 0.387 loading class 0x00007fd80c083140 done


Dynamic libraries:
0x00000000064c6000 	/System/Library/Frameworks/Cocoa.framework/Versions/A/Cocoa
0x00000000064c6000 	/System/Library/Frameworks/Security.framework/Versions/A/Security
0x00000000064c6000 	/System/Library/Frameworks/ApplicationServices.framework/Versions/A/ApplicationServices
0x00000000064c6000 	/usr/lib/libz.1.dylib
0x00000000064c6000 	/usr/lib/libSystem.B.dylib
0x00000000064c6000 	/usr/lib/libobjc.A.dylib
0x00000000064c6000 	/System/Library/Frameworks/CoreFoundation.framework/Versions/A/CoreFoundation
0x00000000064c6000 	/System/Library/Frameworks/Foundation.framework/Versions/C/Foundation
0x00000000064c6000 	/System/Library/Frameworks/AppKit.framework/Versions/C/AppKit
0x00000000064c6000 	/System/Library/Frameworks/CoreData.framework/Versions/A/CoreData
0x00000000064c6000 	/System/Library/PrivateFrameworks/RemoteViewServices.framework/Versions/A/RemoteViewServices
0x00000000064c6000 	/System/Library/Frameworks/AudioToolbox.framework/Versions/A/AudioToolbox
0x00000000064c6000 	/System/Library/Frameworks/AudioUnit.framework/Versions/A/AudioUnit
0x00000000064c6000 	/System/Library/PrivateFrameworks/DataDetectorsCore.framework/Versions/A/DataDetectorsCore
0x00000000064c6000 	/System/Library/PrivateFrameworks/DesktopServicesPriv.framework/Versions/A/DesktopServicesPriv
0x00000000064c6000 	/System/Library/Frameworks/Carbon.framework/Versions/A/Frameworks/HIToolbox.framework/Versions/A/HIToolbox
0x00000000064c6000 	/System/Library/Frameworks/QuartzCore.framework/Versions/A/QuartzCore
0x00000000064c6000 	/System/Library/Frameworks/Carbon.framework/Versions/A/Frameworks/SpeechRecognition.framework/Versions/A/SpeechRecognition
0x00000000064c6000 	/usr/lib/libauto.dylib
0x00000000064c6000 	/usr/lib/libicucore.A.dylib
0x00000000064c6000 	/usr/lib/libxml2.2.dylib
0x00000000064c6000 	/System/Library/PrivateFrameworks/CoreUI.framework/Versions/A/CoreUI
0x00000000064c6000 	/System/Library/Frameworks/CoreAudio.framework/Versions/A/CoreAudio
0x00000000064c6000 	/System/Library/Frameworks/DiskArbitration.framework/Versions/A/DiskArbitration
0x00000000064c6000 	/usr/lib/liblangid.dylib
0x00000000064c6000 	/System/Library/PrivateFrameworks/MultitouchSupport.framework/Versions/A/MultitouchSupport
0x00000000064c6000 	/System/Library/Frameworks/IOKit.framework/Versions/A/IOKit
0x00000000064c6000 	/usr/lib/libDiagnosticMessagesClient.dylib
0x00000000064c6000 	/System/Library/Frameworks/CoreServices.framework/Versions/A/CoreServices
0x00000000064c6000 	/System/Library/PrivateFrameworks/PerformanceAnalysis.framework/Versions/A/PerformanceAnalysis
0x00000000064c6000 	/System/Library/PrivateFrameworks/GenerationalStorage.framework/Versions/A/GenerationalStorage
0x00000000064c6000 	/System/Library/Frameworks/OpenGL.framework/Versions/A/OpenGL
0x00000000064c6000 	/System/Library/PrivateFrameworks/Sharing.framework/Versions/A/Sharing
0x00000000064c6000 	/System/Library/Frameworks/ImageIO.framework/Versions/A/ImageIO
0x00000000064c6000 	/System/Library/Frameworks/CoreText.framework/Versions/A/CoreText
0x00000000064c6000 	/System/Library/Frameworks/CoreGraphics.framework/Versions/A/CoreGraphics
0x00000000064c6000 	/System/Library/PrivateFrameworks/Backup.framework/Versions/A/Backup
0x00000000064c6000 	/System/Library/Frameworks/CFNetwork.framework/Versions/A/CFNetwork
0x00000000064c6000 	/System/Library/Frameworks/SystemConfiguration.framework/Versions/A/SystemConfiguration
0x00000000064c6000 	/usr/lib/libCRFSuite.dylib
0x00000000064c6000 	/usr/lib/libc++.1.dylib
0x00000000064c6000 	/usr/lib/libc++abi.dylib
0x00000000064c6000 	/usr/lib/system/libcache.dylib
0x00000000064c6000 	/usr/lib/system/libcommonCrypto.dylib
0x00000000064c6000 	/usr/lib/system/libcompiler_rt.dylib
0x00000000064c6000 	/usr/lib/system/libcopyfile.dylib
0x00000000064c6000 	/usr/lib/system/libcorecrypto.dylib
0x00000000064c6000 	/usr/lib/system/libdispatch.dylib
0x00000000064c6000 	/usr/lib/system/libdyld.dylib
0x00000000064c6000 	/usr/lib/system/libkeymgr.dylib
0x00000000064c6000 	/usr/lib/system/liblaunch.dylib
0x00000000064c6000 	/usr/lib/system/libmacho.dylib
0x00000000064c6000 	/usr/lib/system/libquarantine.dylib
0x00000000064c6000 	/usr/lib/system/libremovefile.dylib
0x00000000064c6000 	/usr/lib/system/libsystem_asl.dylib
0x00000000064c6000 	/usr/lib/system/libsystem_blocks.dylib
0x00000000064c6000 	/usr/lib/system/libsystem_c.dylib
0x00000000064c6000 	/usr/lib/system/libsystem_configuration.dylib
0x00000000064c6000 	/usr/lib/system/libsystem_dnssd.dylib
0x00000000064c6000 	/usr/lib/system/libsystem_info.dylib
0x00000000064c6000 	/usr/lib/system/libsystem_kernel.dylib
0x00000000064c6000 	/usr/lib/system/libsystem_m.dylib
0x00000000064c6000 	/usr/lib/system/libsystem_malloc.dylib
0x00000000064c6000 	/usr/lib/system/libsystem_network.dylib
0x00000000064c6000 	/usr/lib/system/libsystem_notify.dylib
0x00000000064c6000 	/usr/lib/system/libsystem_platform.dylib
0x00000000064c6000 	/usr/lib/system/libsystem_pthread.dylib
0x00000000064c6000 	/usr/lib/system/libsystem_sandbox.dylib
0x00000000064c6000 	/usr/lib/system/libsystem_stats.dylib
0x00000000064c6000 	/usr/lib/system/libunc.dylib
0x00000000064c6000 	/usr/lib/system/libunwind.dylib
0x00000000064c6000 	/usr/lib/system/libxpc.dylib
0x00000000064c6000 	/usr/lib/libbsm.0.dylib
0x00000000064c6000 	/usr/lib/libsqlite3.dylib
0x00000000064c6000 	/usr/lib/libxar.1.dylib
0x00000000064c6000 	/usr/lib/libpam.2.dylib
0x00000000064c6000 	/usr/lib/libOpenScriptingUtil.dylib
0x00000000064c6000 	/usr/lib/libbz2.1.0.dylib
0x00000000064c6000 	/System/Library/Frameworks/CoreServices.framework/Versions/A/Frameworks/CarbonCore.framework/Versions/A/CarbonCore
0x00000000064c6000 	/System/Library/Frameworks/CoreServices.framework/Versions/A/Frameworks/Metadata.framework/Versions/A/Metadata
0x00000000064c6000 	/System/Library/Frameworks/CoreServices.framework/Versions/A/Frameworks/OSServices.framework/Versions/A/OSServices
0x00000000064c6000 	/System/Library/Frameworks/CoreServices.framework/Versions/A/Frameworks/SearchKit.framework/Versions/A/SearchKit
0x00000000064c6000 	/System/Library/Frameworks/CoreServices.framework/Versions/A/Frameworks/AE.framework/Versions/A/AE
0x00000000064c6000 	/System/Library/Frameworks/CoreServices.framework/Versions/A/Frameworks/LaunchServices.framework/Versions/A/LaunchServices
0x00000000064c6000 	/System/Library/Frameworks/CoreServices.framework/Versions/A/Frameworks/DictionaryServices.framework/Versions/A/DictionaryServices
0x00000000064c6000 	/System/Library/Frameworks/NetFS.framework/Versions/A/NetFS
0x00000000064c6000 	/usr/lib/system/libkxld.dylib
0x00000000064c6000 	/System/Library/PrivateFrameworks/NetAuth.framework/Versions/A/NetAuth
0x00000000064c6000 	/System/Library/PrivateFrameworks/TCC.framework/Versions/A/TCC
0x00000000064c6000 	/System/Library/Frameworks/OpenDirectory.framework/Versions/A/Frameworks/CFOpenDirectory.framework/Versions/A/CFOpenDirectory
0x00000000064c6000 	/System/Library/Frameworks/ServiceManagement.framework/Versions/A/ServiceManagement
0x00000000064c6000 	/usr/lib/libxslt.1.dylib
0x00000000064c6000 	/System/Library/Frameworks/Carbon.framework/Versions/A/Frameworks/Ink.framework/Versions/A/Ink
0x00000000064c6000 	/System/Library/Frameworks/ApplicationServices.framework/Versions/A/Frameworks/ATS.framework/Versions/A/ATS
0x00000000064c6000 	/System/Library/Frameworks/ApplicationServices.framework/Versions/A/Frameworks/ColorSync.framework/Versions/A/ColorSync
0x00000000064c6000 	/System/Library/Frameworks/ApplicationServices.framework/Versions/A/Frameworks/HIServices.framework/Versions/A/HIServices
0x00000000064c6000 	/System/Library/Frameworks/ApplicationServices.framework/Versions/A/Frameworks/LangAnalysis.framework/Versions/A/LangAnalysis
0x00000000064c6000 	/System/Library/Frameworks/ApplicationServices.framework/Versions/A/Frameworks/PrintCore.framework/Versions/A/PrintCore
0x00000000064c6000 	/System/Library/Frameworks/ApplicationServices.framework/Versions/A/Frameworks/QD.framework/Versions/A/QD
0x00000000064c6000 	/System/Library/Frameworks/ApplicationServices.framework/Versions/A/Frameworks/SpeechSynthesis.framework/Versions/A/SpeechSynthesis
0x00000000064c6000 	/System/Library/Frameworks/IOSurface.framework/Versions/A/IOSurface
0x00000000064c6000 	/System/Library/Frameworks/Accelerate.framework/Versions/A/Accelerate
0x00000000064c6000 	/System/Library/Frameworks/Accelerate.framework/Versions/A/Frameworks/vImage.framework/Versions/A/vImage
0x00000000064c6000 	/System/Library/Frameworks/Accelerate.framework/Versions/A/Frameworks/vecLib.framework/Versions/A/vecLib
0x00000000064c6000 	/System/Library/Frameworks/Accelerate.framework/Versions/A/Frameworks/vecLib.framework/Versions/A/libvDSP.dylib
0x00000000064c6000 	/System/Library/Frameworks/Accelerate.framework/Versions/A/Frameworks/vecLib.framework/Versions/A/libvMisc.dylib
0x00000000064c6000 	/System/Library/Frameworks/Accelerate.framework/Versions/A/Frameworks/vecLib.framework/Versions/A/libLAPACK.dylib
0x00000000064c6000 	/System/Library/Frameworks/Accelerate.framework/Versions/A/Frameworks/vecLib.framework/Versions/A/libBLAS.dylib
0x00000000064c6000 	/System/Library/Frameworks/ApplicationServices.framework/Versions/A/Frameworks/ATS.framework/Versions/A/Resources/libFontParser.dylib
0x00000000064c6000 	/System/Library/Frameworks/ApplicationServices.framework/Versions/A/Frameworks/ATS.framework/Versions/A/Resources/libFontRegistry.dylib
0x00000000064c6000 	/System/Library/Frameworks/ImageIO.framework/Versions/A/Resources/libJPEG.dylib
0x00000000064c6000 	/System/Library/Frameworks/ImageIO.framework/Versions/A/Resources/libTIFF.dylib
0x00000000064c6000 	/System/Library/Frameworks/ImageIO.framework/Versions/A/Resources/libPng.dylib
0x00000000064c6000 	/System/Library/Frameworks/ImageIO.framework/Versions/A/Resources/libGIF.dylib
0x00000000064c6000 	/System/Library/Frameworks/ImageIO.framework/Versions/A/Resources/libJP2.dylib
0x00000000064c6000 	/System/Library/Frameworks/ImageIO.framework/Versions/A/Resources/libRadiance.dylib
0x00000000064c6000 	/usr/lib/libcups.2.dylib
0x00000000064c6000 	/System/Library/Frameworks/Kerberos.framework/Versions/A/Kerberos
0x00000000064c6000 	/System/Library/Frameworks/GSS.framework/Versions/A/GSS
0x00000000064c6000 	/usr/lib/libresolv.9.dylib
0x00000000064c6000 	/usr/lib/libiconv.2.dylib
0x00000000064c6000 	/System/Library/PrivateFrameworks/Heimdal.framework/Versions/A/Heimdal
0x00000000064c6000 	/System/Library/PrivateFrameworks/TrustEvaluationAgent.framework/Versions/A/TrustEvaluationAgent
0x00000000064c6000 	/usr/lib/libheimdal-asn1.dylib
0x00000000064c6000 	/System/Library/Frameworks/OpenDirectory.framework/Versions/A/OpenDirectory
0x00000000064c6000 	/System/Library/PrivateFrameworks/CommonAuth.framework/Versions/A/CommonAuth
0x00000000064c6000 	/System/Library/Frameworks/SecurityFoundation.framework/Versions/A/SecurityFoundation
0x00000000064c6000 	/System/Library/PrivateFrameworks/Bom.framework/Versions/A/Bom
0x00000000064c6000 	/System/Library/Frameworks/CoreVideo.framework/Versions/A/CoreVideo
0x00000000064c6000 	/System/Library/Frameworks/QuartzCore.framework/Versions/A/Frameworks/CoreImage.framework/Versions/A/CoreImage
0x00000000064c6000 	/System/Library/Frameworks/QuartzCore.framework/Versions/A/Frameworks/ScalableUserInterface.framework/Versions/A/ScalableUserInterface
0x00000000064c6000 	/System/Library/Frameworks/OpenGL.framework/Versions/A/Libraries/libGLU.dylib
0x00000000064c6000 	/System/Library/Frameworks/OpenGL.framework/Versions/A/Libraries/libGFXShared.dylib
0x00000000064c6000 	/System/Library/Frameworks/OpenGL.framework/Versions/A/Libraries/libGL.dylib
0x00000000064c6000 	/System/Library/Frameworks/OpenGL.framework/Versions/A/Libraries/libGLImage.dylib
0x00000000064c6000 	/System/Library/Frameworks/OpenGL.framework/Versions/A/Libraries/libCVMSPluginSupport.dylib
0x00000000064c6000 	/System/Library/Frameworks/OpenGL.framework/Versions/A/Libraries/libCoreVMClient.dylib
0x00000000064c6000 	/System/Library/PrivateFrameworks/FaceCore.framework/Versions/A/FaceCore
0x00000000064c6000 	/System/Library/PrivateFrameworks/CrashReporterSupport.framework/Versions/A/CrashReporterSupport
0x00000000064c6000 	/System/Library/Frameworks/OpenCL.framework/Versions/A/OpenCL
0x00000000064c6000 	/System/Library/PrivateFrameworks/AppleFSCompression.framework/Versions/A/AppleFSCompression
0x00000000064c6000 	/System/Library/PrivateFrameworks/Ubiquity.framework/Versions/A/Ubiquity
0x00000000064c6000 	/System/Library/PrivateFrameworks/IconServices.framework/Versions/A/IconServices
0x00000000064c6000 	/System/Library/PrivateFrameworks/ChunkingLibrary.framework/Versions/A/ChunkingLibrary
0x00000000064c6000 	/System/Library/PrivateFrameworks/CoreSymbolication.framework/Versions/A/CoreSymbolication
0x00000000064c6000 	/System/Library/PrivateFrameworks/Symbolication.framework/Versions/A/Symbolication
0x00000000064c6000 	/System/Library/PrivateFrameworks/DebugSymbols.framework/Versions/A/DebugSymbols
0x000000010d200000 	/Library/Java/JavaVirtualMachines/jdk1.7.0_51.jdk/Contents/Home/jre/lib/server/libjvm.dylib
0x00000000064c6000 	/usr/lib/libstdc++.6.dylib
0x000000010c9cc000 	/Library/Java/JavaVirtualMachines/jdk1.7.0_51.jdk/Contents/Home/jre/lib/libverify.dylib
0x000000010dc53000 	/Library/Java/JavaVirtualMachines/jdk1.7.0_51.jdk/Contents/Home/jre/lib/libjava.dylib
0x000000010c9e3000 	/Library/Java/JavaVirtualMachines/jdk1.7.0_51.jdk/Contents/Home/jre/lib/libzip.dylib
0x00000001174ef000 	/System/Library/Frameworks/JavaVM.framework/Frameworks/JavaRuntimeSupport.framework/JavaRuntimeSupport
0x0000000117507000 	/System/Library/Frameworks/JavaVM.framework/Versions/A/Frameworks/JavaNativeFoundation.framework/Versions/A/JavaNativeFoundation
0x000000010c9ed000 	/System/Library/Frameworks/JavaVM.framework/Versions/A/JavaVM
0x00000000064c6000 	/System/Library/Frameworks/Carbon.framework/Versions/A/Carbon
0x000000011751c000 	/System/Library/PrivateFrameworks/JavaLaunching.framework/Versions/A/JavaLaunching
0x00000000064c6000 	/System/Library/Frameworks/Carbon.framework/Versions/A/Frameworks/CommonPanels.framework/Versions/A/CommonPanels
0x00000000064c6000 	/System/Library/Frameworks/Carbon.framework/Versions/A/Frameworks/Help.framework/Versions/A/Help
0x00000000064c6000 	/System/Library/Frameworks/Carbon.framework/Versions/A/Frameworks/ImageCapture.framework/Versions/A/ImageCapture
0x00000000064c6000 	/System/Library/Frameworks/Carbon.framework/Versions/A/Frameworks/OpenScripting.framework/Versions/A/OpenScripting
0x00000000064c6000 	/System/Library/Frameworks/Carbon.framework/Versions/A/Frameworks/Print.framework/Versions/A/Print
0x00000000064c6000 	/System/Library/Frameworks/Carbon.framework/Versions/A/Frameworks/SecurityHI.framework/Versions/A/SecurityHI
0x0000000117b85000 	/Library/Java/JavaVirtualMachines/jdk1.7.0_51.jdk/Contents/Home/jre/lib/libawt.dylib
0x0000000117c34000 	/Library/Java/JavaVirtualMachines/jdk1.7.0_51.jdk/Contents/Home/jre/lib/./libmlib_image.dylib
0x0000000117d00000 	/Library/Java/JavaVirtualMachines/jdk1.7.0_51.jdk/Contents/Home/jre/lib/lwawt/liblwawt.dylib
0x0000000117db4000 	/Library/Java/JavaVirtualMachines/jdk1.7.0_51.jdk/Contents/Home/jre/lib/libosxapp.dylib
0x00000000064c6000 	/System/Library/Frameworks/ExceptionHandling.framework/Versions/A/ExceptionHandling
0x00000000064c6000 	/System/Library/PrivateFrameworks/CoreServicesInternal.framework/Versions/A/CoreServicesInternal
0x00000000064c6000 	/System/Library/PrivateFrameworks/Librarian.framework/Versions/A/Librarian
0x0000000119615000 	/System/Library/Frameworks/CoreGraphics.framework/Versions/A/Resources/libCGCMS.A.dylib
0x0000000119727000 	/System/Library/Frameworks/CoreGraphics.framework/Versions/A/Resources/libRIP.A.dylib
0x0000000119977000 	/System/Library/Frameworks/CoreGraphics.framework/Versions/A/Resources/libCGXType.A.dylib
0x00000000064c6000 	/System/Library/PrivateFrameworks/FamilyControls.framework/Versions/A/FamilyControls
0x00000000064c6000 	/System/Library/PrivateFrameworks/CommerceKit.framework/Versions/A/Frameworks/CommerceCore.framework/Versions/A/CommerceCore
0x00000000064c6000 	/System/Library/PrivateFrameworks/SystemAdministration.framework/Versions/A/SystemAdministration
0x00000000064c6000 	/System/Library/Frameworks/DirectoryService.framework/Versions/A/DirectoryService
0x00000000064c6000 	/System/Library/PrivateFrameworks/DiskImages.framework/Versions/A/DiskImages
0x00000000064c6000 	/System/Library/PrivateFrameworks/LoginUIKit.framework/Versions/A/Frameworks/LoginUICore.framework/Versions/A/LoginUICore
0x00000000064c6000 	/usr/lib/libCoreStorage.dylib
0x00000000064c6000 	/usr/lib/libcsfde.dylib
0x00000000064c6000 	/usr/lib/libodfde.dylib
0x00000000064c6000 	/System/Library/Frameworks/DiscRecording.framework/Versions/A/DiscRecording
0x00000000064c6000 	/usr/lib/libcurl.4.dylib
0x00000000064c6000 	/System/Library/PrivateFrameworks/MediaKit.framework/Versions/A/MediaKit
0x00000000064c6000 	/System/Library/PrivateFrameworks/EFILogin.framework/Versions/A/EFILogin
0x00000000064c6000 	/usr/lib/libutil.dylib
0x00000000064c6000 	/System/Library/PrivateFrameworks/AOSNotification.framework/Versions/A/AOSNotification
0x00000000064c6000 	/System/Library/Frameworks/LDAP.framework/Versions/A/LDAP
0x00000000064c6000 	/usr/lib/libsasl2.2.dylib
0x00000000064c6000 	/usr/lib/libcrypto.0.9.8.dylib
0x00000000064c6000 	/usr/lib/libssl.0.9.8.dylib
0x000000011b2c7000 	/System/Library/Frameworks/OpenGL.framework/Resources/GLEngine.bundle/GLEngine
0x00000000064c6000 	/System/Library/Frameworks/OpenGL.framework/Versions/A/Libraries/libGLProgrammability.dylib
0x0000000000000000 	/System/Library/Extensions/AppleIntelHD5000GraphicsGLDriver.bundle/Contents/MacOS/AppleIntelHD5000GraphicsGLDriver
0x00000000064c6000 	/System/Library/PrivateFrameworks/IOAccelerator.framework/Versions/A/IOAccelerator
0x00000000064c6000 	/System/Library/PrivateFrameworks/GPUSupport.framework/Versions/A/Libraries/libGPUSupportMercury.dylib
0x0000000119984000 	/System/Library/Frameworks/OpenGL.framework/Resources//GLRendererFloat.bundle/GLRendererFloat
0x00000000064c6000 	/System/Library/Frameworks/OpenCL.framework/Versions/A/Libraries/libcldcpuengine.dylib
0x000000011d672000 	/Library/Java/JavaVirtualMachines/jdk1.7.0_51.jdk/Contents/Home/jre/lib/libfontmanager.dylib
0x000000011b803000 	/Library/Java/JavaVirtualMachines/jdk1.7.0_51.jdk/Contents/Home/jre/lib/libosxui.dylib

VM Arguments:
jvm_args: -Dfile.encoding=US-ASCII 
java_command: engine.Run
Launcher Type: SUN_STANDARD

Environment Variables:
PATH=/usr/bin:/bin:/usr/sbin:/sbin
SHELL=/bin/bash
DISPLAY=/tmp/launch-8edhJN/org.macosforge.xquartz:0

Signal Handlers:
SIGSEGV: [libjvm.dylib+0x525425], sa_mask[0]=0xfffefeff, sa_flags=0x00000043
SIGBUS: [libjvm.dylib+0x525425], sa_mask[0]=0xfffefeff, sa_flags=0x00000042
SIGFPE: [libjvm.dylib+0x41892a], sa_mask[0]=0xfffefeff, sa_flags=0x00000042
SIGPIPE: [libjvm.dylib+0x41892a], sa_mask[0]=0xfffefeff, sa_flags=0x00000042
SIGXFSZ: [libjvm.dylib+0x41892a], sa_mask[0]=0xfffefeff, sa_flags=0x00000042
SIGILL: [libjvm.dylib+0x41892a], sa_mask[0]=0xfffefeff, sa_flags=0x00000042
SIGUSR1: SIG_DFL, sa_mask[0]=0x00000000, sa_flags=0x00000002
SIGUSR2: [libjvm.dylib+0x41841c], sa_mask[0]=0x00000004, sa_flags=0x00000042
SIGHUP: [libjvm.dylib+0x4166ab], sa_mask[0]=0xfffefeff, sa_flags=0x00000042
SIGINT: [libjvm.dylib+0x4166ab], sa_mask[0]=0xfffefeff, sa_flags=0x00000042
SIGTERM: [libjvm.dylib+0x4166ab], sa_mask[0]=0xfffefeff, sa_flags=0x00000042
SIGQUIT: [libjvm.dylib+0x4166ab], sa_mask[0]=0xfffefeff, sa_flags=0x00000042


---------------  S Y S T E M  ---------------

OS:Bsduname:Darwin 13.2.0 Darwin Kernel Version 13.2.0: Thu Apr 17 23:03:13 PDT 2014; root:xnu-2422.100.13~1/RELEASE_X86_64 x86_64
rlimit: STACK 8192k, CORE 0k, NPROC 709, NOFILE 10240, AS infinity
load average:1.04 1.35 1.41

CPU:total 4 (2 cores per cpu, 2 threads per core) family 6 model 69 stepping 1, cmov, cx8, fxsr, mmx, sse, sse2, sse3, ssse3, sse4.1, sse4.2, popcnt, avx, avx2, aes, erms, ht, tsc, tscinvbit

Memory: 4k page, physical 8388608k(2097152k free)

/proc/meminfo:


vm_info: Java HotSpot(TM) 64-Bit Server VM (24.51-b03) for bsd-amd64 JRE (1.7.0_51-b13), built on Dec 18 2013 18:45:56 by "java_re" with gcc 4.2.1 (Based on Apple Inc. build 5658) (LLVM build 2336.11.00)

time: Mon May 19 08:52:59 2014
elapsed time: 0 seconds

